07:58:32.342 [NamespaceSystem-akka.actor.default-dispatcher-5] INFO akka.event.slf4j.Slf4jLogger - Slf4jLogger started
07:58:32.625 [main] INFO com.firebase.server.forge.App$ - Listening at localhost:9000
07:58:36.664 [NamespaceSystem-akka.actor.default-dispatcher-5:covid19-eurecom$-1041950709:broadcast] ERROR com.firebase.core.namespace.view.BroadcastActor - Unexpected error caught in BroadcastActor(covid19-eurecom) operation: RemoveView(List())
java.lang.NoClassDefFoundError: com.sun.management.ThreadMXBean
	at com.firebase.core.stats.StatsHelper$.<init>(StatsHelper.scala:112)
	at com.firebase.core.stats.StatsHelper$.<clinit>(StatsHelper.scala)
	at com.firebase.core.stats.NamespaceStats.timeBroadcastActor(NamespaceStats.scala:1554)
	at com.firebase.core.namespace.view.BroadcastActor$$anonfun$receive$1.$anonfun$applyOrElse$6(BroadcastActor.scala:101)
	at com.firebase.core.namespace.view.BroadcastActor$$anonfun$receive$1$$Lambda$614/00000000B8008F30.apply$mcV$sp(Unknown Source)
	at scala.runtime.java8.JFunction0$mcV$sp.apply(JFunction0$mcV$sp.java:23)
	at com.firebase.util.logging.Logging.withRenamedThread(Logging.scala:90)
	at com.firebase.util.logging.Logging.withRenamedThread$(Logging.scala:85)
	at com.firebase.core.namespace.view.BroadcastActor.withRenamedThread(BroadcastActor.scala:68)
	at com.firebase.core.namespace.view.BroadcastActor$$anonfun$receive$1.applyOrElse(BroadcastActor.scala:99)
	at akka.actor.Actor.aroundReceive(Actor.scala:533)
	at akka.actor.Actor.aroundReceive$(Actor.scala:531)
	at com.firebase.core.namespace.view.BroadcastActor.aroundReceive(BroadcastActor.scala:68)
	at akka.actor.ActorCell.receiveMessage(ActorCell.scala:573)
	at akka.actor.ActorCell.invoke(ActorCell.scala:543)
	at akka.dispatch.Mailbox.processMailbox(Mailbox.scala:269)
	at akka.dispatch.Mailbox.run(Mailbox.scala:230)
	at akka.dispatch.Mailbox.exec(Mailbox.scala:242)
	at java.util.concurrent.ForkJoinTask.doExec(ForkJoinTask.java:300)
	at java.util.concurrent.ForkJoinPool$WorkQueue.runTask(ForkJoinPool.java:1067)
	at java.util.concurrent.ForkJoinPool.runWorker(ForkJoinPool.java:1703)
	at java.util.concurrent.ForkJoinWorkerThread.run(ForkJoinWorkerThread.java:168)
Caused by: java.lang.ClassNotFoundException: com.sun.management.ThreadMXBean
	at java.net.URLClassLoader.findClass(URLClassLoader.java:610)
	at java.lang.ClassLoader.loadClassHelper(ClassLoader.java:944)
	at java.lang.ClassLoader.loadClass(ClassLoader.java:889)
	at sun.misc.Launcher$AppClassLoader.loadClass(Launcher.java:349)
	at java.lang.ClassLoader.loadClass(ClassLoader.java:872)
	... 22 common frames omitted
07:58:36.671 [NamespaceSystem-akka.actor.default-dispatcher-6] ERROR akka.actor.OneForOneStrategy - Actor restart triggered
com.firebase.core.namespace.package$ActorRestart: Actor restart triggered
	at com.firebase.core.namespace.view.BroadcastActor$$anonfun$receive$1.$anonfun$applyOrElse$6(BroadcastActor.scala:130)
	at com.firebase.core.namespace.view.BroadcastActor$$anonfun$receive$1$$Lambda$614/00000000B8008F30.apply$mcV$sp(Unknown Source)
	at scala.runtime.java8.JFunction0$mcV$sp.apply(JFunction0$mcV$sp.java:23)
	at com.firebase.util.logging.Logging.withRenamedThread(Logging.scala:90)
	at com.firebase.util.logging.Logging.withRenamedThread$(Logging.scala:85)
	at com.firebase.core.namespace.view.BroadcastActor.withRenamedThread(BroadcastActor.scala:68)
	at com.firebase.core.namespace.view.BroadcastActor$$anonfun$receive$1.applyOrElse(BroadcastActor.scala:99)
	at akka.actor.Actor.aroundReceive(Actor.scala:533)
	at akka.actor.Actor.aroundReceive$(Actor.scala:531)
	at com.firebase.core.namespace.view.BroadcastActor.aroundReceive(BroadcastActor.scala:68)
	at akka.actor.ActorCell.receiveMessage(ActorCell.scala:573)
	at akka.actor.ActorCell.invoke(ActorCell.scala:543)
	at akka.dispatch.Mailbox.processMailbox(Mailbox.scala:269)
	at akka.dispatch.Mailbox.run(Mailbox.scala:230)
	at akka.dispatch.Mailbox.exec(Mailbox.scala:242)
	at java.util.concurrent.ForkJoinTask.doExec(ForkJoinTask.java:300)
	at java.util.concurrent.ForkJoinPool$WorkQueue.runTask(ForkJoinPool.java:1067)
	at java.util.concurrent.ForkJoinPool.runWorker(ForkJoinPool.java:1703)
	at java.util.concurrent.ForkJoinWorkerThread.run(ForkJoinWorkerThread.java:168)
Caused by: java.lang.NoClassDefFoundError: com.sun.management.ThreadMXBean
	at com.firebase.core.stats.StatsHelper$.<init>(StatsHelper.scala:112)
	at com.firebase.core.stats.StatsHelper$.<clinit>(StatsHelper.scala)
	at com.firebase.core.stats.NamespaceStats.timeBroadcastActor(NamespaceStats.scala:1554)
	at com.firebase.core.namespace.view.BroadcastActor$$anonfun$receive$1.$anonfun$applyOrElse$6(BroadcastActor.scala:101)
	... 18 common frames omitted
Caused by: java.lang.ClassNotFoundException: com.sun.management.ThreadMXBean
	at java.net.URLClassLoader.findClass(URLClassLoader.java:610)
	at java.lang.ClassLoader.loadClassHelper(ClassLoader.java:944)
	at java.lang.ClassLoader.loadClass(ClassLoader.java:889)
	at sun.misc.Launcher$AppClassLoader.loadClass(Launcher.java:349)
	at java.lang.ClassLoader.loadClass(ClassLoader.java:872)
	... 22 common frames omitted
07:58:36.673 [NamespaceSystem-akka.actor.default-dispatcher-5] ERROR com.firebase.core.namespace.view.BroadcastActor - Post restart for actor Actor[akka://NamespaceSystem/user/covid19-eurecom/broadcast#1453754397]
com.firebase.core.namespace.package$ActorRestart: Actor restart triggered
	at com.firebase.core.namespace.view.BroadcastActor$$anonfun$receive$1.$anonfun$applyOrElse$6(BroadcastActor.scala:130)
	at com.firebase.core.namespace.view.BroadcastActor$$anonfun$receive$1$$Lambda$614/00000000B8008F30.apply$mcV$sp(Unknown Source)
	at scala.runtime.java8.JFunction0$mcV$sp.apply(JFunction0$mcV$sp.java:23)
	at com.firebase.util.logging.Logging.withRenamedThread(Logging.scala:90)
	at com.firebase.util.logging.Logging.withRenamedThread$(Logging.scala:85)
	at com.firebase.core.namespace.view.BroadcastActor.withRenamedThread(BroadcastActor.scala:68)
	at com.firebase.core.namespace.view.BroadcastActor$$anonfun$receive$1.applyOrElse(BroadcastActor.scala:99)
	at akka.actor.Actor.aroundReceive(Actor.scala:533)
	at akka.actor.Actor.aroundReceive$(Actor.scala:531)
	at com.firebase.core.namespace.view.BroadcastActor.aroundReceive(BroadcastActor.scala:68)
	at akka.actor.ActorCell.receiveMessage(ActorCell.scala:573)
	at akka.actor.ActorCell.invoke(ActorCell.scala:543)
	at akka.dispatch.Mailbox.processMailbox(Mailbox.scala:269)
	at akka.dispatch.Mailbox.run(Mailbox.scala:230)
	at akka.dispatch.Mailbox.exec(Mailbox.scala:242)
	at java.util.concurrent.ForkJoinTask.doExec(ForkJoinTask.java:300)
	at java.util.concurrent.ForkJoinPool$WorkQueue.runTask(ForkJoinPool.java:1067)
	at java.util.concurrent.ForkJoinPool.runWorker(ForkJoinPool.java:1703)
	at java.util.concurrent.ForkJoinWorkerThread.run(ForkJoinWorkerThread.java:168)
Caused by: java.lang.NoClassDefFoundError: com.sun.management.ThreadMXBean
	at com.firebase.core.stats.StatsHelper$.<init>(StatsHelper.scala:112)
	at com.firebase.core.stats.StatsHelper$.<clinit>(StatsHelper.scala)
	at com.firebase.core.stats.NamespaceStats.timeBroadcastActor(NamespaceStats.scala:1554)
	at com.firebase.core.namespace.view.BroadcastActor$$anonfun$receive$1.$anonfun$applyOrElse$6(BroadcastActor.scala:101)
	... 18 common frames omitted
Caused by: java.lang.ClassNotFoundException: com.sun.management.ThreadMXBean
	at java.net.URLClassLoader.findClass(URLClassLoader.java:610)
	at java.lang.ClassLoader.loadClassHelper(ClassLoader.java:944)
	at java.lang.ClassLoader.loadClass(ClassLoader.java:889)
	at sun.misc.Launcher$AppClassLoader.loadClass(Launcher.java:349)
	at java.lang.ClassLoader.loadClass(ClassLoader.java:872)
	... 22 common frames omitted
