[debug] [2021-01-28T09:28:55.241Z] ----------------------------------------------------------------------
[debug] [2021-01-28T09:28:55.243Z] Command:       /usr/bin/node /usr/local/bin/firebase deploy --only hosting
[debug] [2021-01-28T09:28:55.243Z] CLI Version:   9.2.2
[debug] [2021-01-28T09:28:55.243Z] Platform:      linux
[debug] [2021-01-28T09:28:55.243Z] Node Version:  v12.20.1
[debug] [2021-01-28T09:28:55.244Z] Time:          Thu Jan 28 2021 10:28:55 GMT+0100 (Central European Standard Time)
[debug] [2021-01-28T09:28:55.244Z] ----------------------------------------------------------------------
[debug] [2021-01-28T09:28:55.244Z] 
[debug] [2021-01-28T09:28:55.248Z] > command requires scopes: ["email","openid","https://www.googleapis.com/auth/cloudplatformprojects.readonly","https://www.googleapis.com/auth/firebase","https://www.googleapis.com/auth/cloud-platform"]
[debug] [2021-01-28T09:28:55.249Z] > authorizing via signed-in user
[debug] [2021-01-28T09:28:55.249Z] [iam] checking project covid19-eurecom for permissions ["firebase.projects.get","firebasehosting.sites.update"]
[debug] [2021-01-28T09:28:55.251Z] > refreshing access token with scopes: ["email","https://www.googleapis.com/auth/cloud-platform","https://www.googleapis.com/auth/cloudplatformprojects.readonly","https://www.googleapis.com/auth/firebase","openid"]
[debug] [2021-01-28T09:28:55.251Z] >>> HTTP REQUEST POST https://www.googleapis.com/oauth2/v3/token  
 <request body omitted>
[debug] [2021-01-28T09:28:55.424Z] <<< HTTP RESPONSE 200 {"cache-control":"no-cache, no-store, max-age=0, must-revalidate","expires":"Mon, 01 Jan 1990 00:00:00 GMT","date":"Thu, 28 Jan 2021 09:28:55 GMT","pragma":"no-cache","content-type":"application/json; charset=utf-8","vary":"X-Origin, Referer, Origin,Accept-Encoding","server":"scaffolding on HTTPServer2","x-xss-protection":"0","x-frame-options":"SAMEORIGIN","x-content-type-options":"nosniff","alt-svc":"h3-29=\":443\"; ma=2592000,h3-T051=\":443\"; ma=2592000,h3-Q050=\":443\"; ma=2592000,h3-Q046=\":443\"; ma=2592000,h3-Q043=\":443\"; ma=2592000,quic=\":443\"; ma=2592000; v=\"46,43\"","accept-ranges":"none","transfer-encoding":"chunked"}
[debug] [2021-01-28T09:28:55.483Z] >>> HTTP REQUEST POST https://cloudresourcemanager.googleapis.com/v1/projects/covid19-eurecom:testIamPermissions  
 {"permissions":["firebase.projects.get","firebasehosting.sites.update"]}
[debug] [2021-01-28T09:28:55.797Z] <<< HTTP RESPONSE 200 {"content-type":"application/json; charset=UTF-8","vary":"X-Origin, Referer, Origin,Accept-Encoding","date":"Thu, 28 Jan 2021 09:28:55 GMT","server":"ESF","cache-control":"private","x-xss-protection":"0","x-frame-options":"SAMEORIGIN","x-content-type-options":"nosniff","server-timing":"gfet4t7; dur=129","alt-svc":"h3-29=\":443\"; ma=2592000,h3-T051=\":443\"; ma=2592000,h3-Q050=\":443\"; ma=2592000,h3-Q046=\":443\"; ma=2592000,h3-Q043=\":443\"; ma=2592000,quic=\":443\"; ma=2592000; v=\"46,43\"","accept-ranges":"none","transfer-encoding":"chunked"}
[debug] [2021-01-28T09:28:55.798Z] > refreshing access token with scopes: []
[debug] [2021-01-28T09:28:55.798Z] >>> HTTP REQUEST POST https://www.googleapis.com/oauth2/v3/token  
 <request body omitted>
[debug] [2021-01-28T09:28:55.906Z] <<< HTTP RESPONSE 200 {"date":"Thu, 28 Jan 2021 09:28:55 GMT","expires":"Mon, 01 Jan 1990 00:00:00 GMT","pragma":"no-cache","cache-control":"no-cache, no-store, max-age=0, must-revalidate","content-type":"application/json; charset=utf-8","vary":"X-Origin, Referer, Origin,Accept-Encoding","server":"scaffolding on HTTPServer2","x-xss-protection":"0","x-frame-options":"SAMEORIGIN","x-content-type-options":"nosniff","alt-svc":"h3-29=\":443\"; ma=2592000,h3-T051=\":443\"; ma=2592000,h3-Q050=\":443\"; ma=2592000,h3-Q046=\":443\"; ma=2592000,h3-Q043=\":443\"; ma=2592000,quic=\":443\"; ma=2592000; v=\"46,43\"","accept-ranges":"none","transfer-encoding":"chunked"}
[debug] [2021-01-28T09:28:56.089Z] >>> [apiv2][query] GET https://firebase.googleapis.com/v1beta1/projects/covid19-eurecom [none]
[debug] [2021-01-28T09:28:56.311Z] <<< [apiv2][status] GET https://firebase.googleapis.com/v1beta1/projects/covid19-eurecom 200
